2015-11-24 20:08:51 exception 'Longman\TelegramBot\Exception\TelegramException' with message 'Bot Username not defined!' in /media/D/applications/repositories/php-telegram-bot/src/Telegram.php:168
Stack trace:
#0 /media/D/applications/repositories/php-telegram-bot/tests/Unit/TelegramTest.php(43): Longman\TelegramBot\Telegram->__construct('testapikey', NULL)
#1 [internal function]: Tests\Unit\TelegramTest->newInstanceWithoutParams()
#2 phar:///usr/local/bin/phpunit/phpunit/Framework/TestCase.php(908): ReflectionMethod->invokeArgs(Object(Tests\Unit\TelegramTest), Array)
#3 phar:///usr/local/bin/phpunit/phpunit/Framework/TestCase.php(771): PHPUnit_Framework_TestCase->runTest()
#4 phar:///usr/local/bin/phpunit/phpunit/Framework/TestResult.php(617): PHPUnit_Framework_TestCase->runBare()
#5 phar:///usr/local/bin/phpunit/phpunit/Framework/TestCase.php(727): PHPUnit_Framework_TestResult->run(Object(Tests\Unit\TelegramTest))
#6 phar:///usr/local/bin/phpunit/phpunit/Framework/TestSuite.php(747): PHPUnit_Framework_TestCase->run(Object(PHPUnit_Framework_TestResult))
#7 phar:///usr/local/bin/phpunit/phpunit/Framework/TestSuite.php(747): PHPUnit_Framework_TestSuite->run(Object(PHPUnit_Framework_TestResult))
#8 phar:///usr/local/bin/phpunit/phpunit/TextUI/TestRunner.php(425): PHPUnit_Framework_TestSuite->run(Object(PHPUnit_Framework_TestResult))
#9 phar:///usr/local/bin/phpunit/phpunit/TextUI/Command.php(154): PHPUnit_TextUI_TestRunner->doRun(Object(PHPUnit_Framework_TestSuite), Array)
#10 phar:///usr/local/bin/phpunit/phpunit/TextUI/Command.php(105): PHPUnit_TextUI_Command->run(Array, true)
#11 /usr/local/bin/phpunit(509): PHPUnit_TextUI_Command::main()
#12 {main}
2015-11-24 20:31:17 exception 'Longman\TelegramBot\Exception\TelegramException' with message 'Bot Username not defined!' in /media/D/applications/repositories/php-telegram-bot/src/Telegram.php:168
Stack trace:
#0 /media/D/applications/repositories/php-telegram-bot/tests/Unit/TelegramTest.php(43): Longman\TelegramBot\Telegram->__construct('testapikey', NULL)
#1 [internal function]: Tests\Unit\TelegramTest->newInstanceWithoutParams()
#2 phar:///usr/local/bin/phpunit/phpunit/Framework/TestCase.php(908): ReflectionMethod->invokeArgs(Object(Tests\Unit\TelegramTest), Array)
#3 phar:///usr/local/bin/phpunit/phpunit/Framework/TestCase.php(771): PHPUnit_Framework_TestCase->runTest()
#4 phar:///usr/local/bin/phpunit/phpunit/Framework/TestResult.php(617): PHPUnit_Framework_TestCase->runBare()
#5 phar:///usr/local/bin/phpunit/phpunit/Framework/TestCase.php(727): PHPUnit_Framework_TestResult->run(Object(Tests\Unit\TelegramTest))
#6 phar:///usr/local/bin/phpunit/phpunit/Framework/TestSuite.php(747): PHPUnit_Framework_TestCase->run(Object(PHPUnit_Framework_TestResult))
#7 phar:///usr/local/bin/phpunit/phpunit/Framework/TestSuite.php(747): PHPUnit_Framework_TestSuite->run(Object(PHPUnit_Framework_TestResult))
#8 phar:///usr/local/bin/phpunit/phpunit/TextUI/TestRunner.php(425): PHPUnit_Framework_TestSuite->run(Object(PHPUnit_Framework_TestResult))
#9 phar:///usr/local/bin/phpunit/phpunit/TextUI/Command.php(154): PHPUnit_TextUI_TestRunner->doRun(Object(PHPUnit_Framework_TestSuite), Array)
#10 phar:///usr/local/bin/phpunit/phpunit/TextUI/Command.php(105): PHPUnit_TextUI_Command->run(Array, true)
#11 /usr/local/bin/phpunit(509): PHPUnit_TextUI_Command::main()
#12 {main}
